xrun: 20.09-s003: (c) Copyright 1995-2020 Cadence Design Systems, Inc.
TOOL:	xrun	20.09-s003: Started on Oct 14, 2021 at 03:54:25 EDT
xrun
	-Q
	-unbuffered
	-timescale 1ns/1ns
	-sysv
	-access +rw
	design.sv
	testbench.sv
	Top level design units:
		gameboy_tb
xmelab: *W,DSEMEL: This SystemVerilog design will be simulated as per IEEE 1800-2009 SystemVerilog simulation semantics. Use -disable_sem2009 option for turning off SV 2009 simulation semantics.
Loading snapshot worklib.gameboy_tb:sv .................... Done
xmsim: *W,DSEM2009: This SystemVerilog design is simulated as per IEEE 1800-2009 SystemVerilog simulation semantics. Use -disable_sem2009 option for turning off SV 2009 simulation semantics.
xcelium> source /xcelium20.09/tools/xcelium/files/xmsimrc
xcelium> run
BEGIN GAME

Run
   __O
  / /\_,
___/\ 
    /_

INCOMING ENEMY GET READY TO FIGHT ..

ATTACK!

Kick
\_O__
  \__      __
  |  \__  /00\ 
 /       /    \

Punch
    _______
---'   ____)
      (_____)   __
      (_____)  /00\ 
---.__(___)   /    \

Kick
\_O__
  \__      __
  |  \__  /00\ 
 /       /    \

Punch
    _______
---'   ____)
      (_____)   __
      (_____)  /00\ 
---.__(___)   /    \

ENEMY DEFEATED .. CONTINUE TRAVELING

Run
   __O
  / /\_,
___/\ 
    /_

ENTERING JUNGLE GET READY TO REACT TO DANGERS ..

INCOMING TREE STUMP

Jump 
    \O
     |\_
    /-\
  /      \
     __
    |__|

INCOMING BEE HIVES ABOVE

Duck
(____)
 (__)
  (_)
    
  __0
 /  \

INCOMING TREE STUMP

Jump 
    \O
     |\_
    /-\
  /      \
     __
    |__|

EXITED JUNGLE SAFELY .. CONTINUE TRAVELING

Run
   __O
  / /\_,
___/\ 
    /_

***** WINNER ******
Simulation complete via $finish(1) at time 490 NS + 0
./testbench.sv:141 		#20 $finish;
xcelium> exit
TOOL:	xrun	20.09-s003: Exiting on Oct 14, 2021 at 03:54:27 EDT  (total: 00:00:02)
